{
  "RSpec": {
    "coverage": {
      "/Users/aiyuhang/projects/Columbia-Repair-Report-Platform-master/app/helpers/application_helper.rb": {
        "lines": [
          1,
          null
        ]
      },
      "/Users/aiyuhang/projects/Columbia-Repair-Report-Platform-master/app/helpers/reports_helper.rb": {
        "lines": [
          1,
          null,
          null,
          null,
          null,
          null
        ]
      },
      "/Users/aiyuhang/projects/Columbia-Repair-Report-Platform-master/app/controllers/pages_controller.rb": {
        "lines": [
          1,
          1,
          null,
          1,
          null,
          1,
          null,
          null,
          1,
          1,
          1,
          1,
          1,
          null,
          null
        ]
      },
      "/Users/aiyuhang/projects/Columbia-Repair-Report-Platform-master/app/controllers/application_controller.rb": {
        "lines": [
          1,
          null,
          null,
          1,
          null
        ]
      },
      "/Users/aiyuhang/projects/Columbia-Repair-Report-Platform-master/app/controllers/reports_controller.rb": {
        "lines": [
          1,
          null,
          1,
          1,
          1,
          null,
          null,
          null,
          1,
          4,
          4,
          null,
          4,
          null,
          4,
          null,
          4,
          1,
          null,
          null,
          4,
          2,
          2,
          null,
          null,
          4,
          1,
          null,
          null,
          4,
          4,
          null,
          null,
          1,
          null,
          1,
          1,
          1,
          1,
          1,
          1,
          1,
          null,
          null,
          null,
          1,
          18,
          17,
          null,
          1,
          null,
          null,
          18,
          null,
          null,
          1,
          1,
          null,
          null,
          1,
          1,
          1,
          1,
          1,
          1,
          null,
          null,
          1,
          1,
          1,
          1,
          1,
          null,
          null,
          1,
          1,
          1,
          1,
          1,
          null,
          null,
          1,
          null,
          null,
          1,
          36,
          null,
          null
        ]
      },
      "/Users/aiyuhang/projects/Columbia-Repair-Report-Platform-master/app/uploaders/file_uploader.rb": {
        "lines": [
          1,
          null,
          null,
          null,
          null,
          null,
          1,
          null,
          null,
          null,
          null,
          1,
          2,
          null,
          null,
          null,
          null,
          null,
          null,
          null,
          null,
          null,
          null,
          null,
          null,
          null,
          null,
          null,
          null,
          null,
          null,
          null,
          null,
          null,
          null,
          null,
          null,
          null,
          null,
          null,
          null,
          null,
          null,
          null,
          null,
          null,
          null
        ]
      },
      "/Users/aiyuhang/projects/Columbia-Repair-Report-Platform-master/app/models/report.rb": {
        "lines": [
          1,
          1,
          1,
          17,
          16,
          16,
          16,
          null,
          1,
          null,
          null,
          null
        ]
      }
    },
    "timestamp": 1668252363
  }
}
